-------------------------------------------------------------------------------
Test set: TestSuite
-------------------------------------------------------------------------------
Tests run: 3, Failures: 1, Errors: 0, Skipped: 1, Time elapsed: 19.86 s <<< FAILURE! - in TestSuite
openHomePage(Slava.FootballTest)  Time elapsed: 4.309 s  <<< FAILURE!
java.lang.AssertionError: Expected current url to equal https://www.google.com.ua/ expected [https://www.google.com.ua/] but found [https://www.football.ua/]
	at Slava.FootballTest.openHomePage(FootballTest.java:23)

