<?xml version="1.0" encoding="UTF-8"?>
<testsuite xmlns:xsi="http://www.w3.org/2001/XMLSchema-instance" xsi:noNamespaceSchemaLocation="https://maven.apache.org/surefire/maven-surefire-plugin/xsd/surefire-test-report.xsd" name="TestSuite" time="21.03" tests="3" errors="0" skipped="1" failures="1">
  <properties>
[...]
</properties>
  <testcase name="openHomePage" classname="Slava.GoogleTest" time="2.813"/>
  <testcase name="openHomePage" classname="Slava.FootballTest" time="0">
    <skipped message="Expected current url to equal https://www.google.com.ua/ expected [https://www.google.com.ua/] but found [https://www.football.ua/]"/>
    <system-out><![CDATA[I am in onTestSuccess method openHomePage succeed
I am in onFinish method Google Test
I am in onStart method Football Test
I am in onTestStart method openHomePage start
]]></system-out>
    <system-err><![CDATA[Starting ChromeDriver 2.43.600210 (68dcf5eebde37173d4027fa8635e332711d2874a) on port 37816
Only local connections are allowed.
янв 06, 2019 2:43:06 PM org.openqa.selenium.remote.ProtocolHandshake createSession
INFO: Detected dialect: OSS
]]></system-err>
  </testcase>
  <testcase name="openHomePage" classname="Slava.FootballTest" time="4.266">
    <failure message="Expected current url to equal https://www.google.com.ua/ expected [https://www.google.com.ua/] but found [https://www.football.ua/]" type="java.lang.AssertionError">java.lang.AssertionError: Expected current url to equal https://www.google.com.ua/ expected [https://www.google.com.ua/] but found [https://www.football.ua/]
	at Slava.FootballTest.openHomePage(FootballTest.java:23)
</failure>
    <system-out><![CDATA[I am in onTestSkipped method openHomePage skipped
I am in onTestStart method openHomePage start
]]></system-out>
  </testcase>
</testsuite>